Removed Pin From Net: NetName=NetC13_2 Pin=C44-1
Removed Pin From Net: NetName=NetC44_2 Pin=C44-2
Removed Member From Class: ClassName=U_MPPT Member=C41
Removed Member From Class: ClassName=U_MPPT Member=C42
Added Component: Designator=H1(Header 2P DC 2.54)
Add component (AddParameter): Name = "Chung_Loai"; Value = "C?m"; VariantName = "[No Variations]"
Add component (AddParameter): Name = "Don_Vi"; Value = "Con"; VariantName = "[No Variations]"
Add component (AddParameter): Name = "Ghi_Chu"; Value = ""; VariantName = "[No Variations]"
Add component (AddParameter): Name = "Kieu_Chan"; Value = ""; VariantName = "[No Variations]"
Add component (AddParameter): Name = "Ma_Hang"; Value = "MH002852"; VariantName = "[No Variations]"
Add component (AddParameter): Name = "Ten_Linh_Kien"; Value = "Header 2P XH2.54-2P Ð?c Cong"; VariantName = "[No Variations]"
Added Component: Designator=H2(Header 2P DC 2.54)
Add component (AddParameter): Name = "Chung_Loai"; Value = "C?m"; VariantName = "[No Variations]"
Add component (AddParameter): Name = "Don_Vi"; Value = "Con"; VariantName = "[No Variations]"
Add component (AddParameter): Name = "Ghi_Chu"; Value = ""; VariantName = "[No Variations]"
Add component (AddParameter): Name = "Kieu_Chan"; Value = ""; VariantName = "[No Variations]"
Add component (AddParameter): Name = "Ma_Hang"; Value = "MH002852"; VariantName = "[No Variations]"
Add component (AddParameter): Name = "Ten_Linh_Kien"; Value = "Header 2P XH2.54-2P Ð?c Cong"; VariantName = "[No Variations]"
Added Pin To Net: NetName=NetC12_2 Pin=H1-1
Added Pin To Net: NetName=SRN Pin=H1-2
Added Pin To Net: NetName=NetC13_2 Pin=H2-1
Added Pin To Net: NetName=NetC44_2 Pin=H2-2
Change Net Name : Old Net Name=NetC44_2 New Net Name=NetH2_2
Added Member To Class: ClassName=U_MPPT Member=Component H1 Header 2P 2.54 Duc Cong
Added Member To Class: ClassName=U_MPPT Member=Component H2 Header 2P 2.54 Duc Cong
Added Member To Class: ClassName=U_MPPT Member=Component IC2 XB8688
Added Member To Class: ClassName=U_Sensor Member=Component U3 STM32F103C8T6
Added Member To Class: ClassName=U_Sensor Member=Component U4 LM2596
Added Room: Name=U_MPPT
Added Room: Name=U_Sensor
